<?xml version="1.0" encoding="UTF-8"?>
<!-- Generated by org.testng.reporters.JUnitReportReporter -->
<testsuite hostname="LAPTOP-CPR1IHHO" failures="0" tests="2" name="APITest" time="3.485" errors="0" timestamp="2025-03-11T22:21:30 IST" skipped="0">
  <testcase classname="APITest" name="test1" time="2.057"/>
  <testcase classname="APITest" name="test2" time="1.428"/>
</testsuite> <!-- APITest -->
